<?xml version="1.0" encoding="UTF-8"?>
<coverage generated="1576459192695" clover="3.2.0">
  <project timestamp="1576459192695" name="All files">
    <metrics statements="33" coveredstatements="33" conditionals="20" coveredconditionals="16" methods="7" coveredmethods="7" elements="60" coveredelements="56" complexity="0" loc="33" ncloc="33" packages="1" files="1" classes="1"/>
    <file name="index.js" path="/home/daniel/code/danielmakarzec/hoover/index.js">
      <metrics statements="33" coveredstatements="33" conditionals="20" coveredconditionals="16" methods="7" coveredmethods="7"/>
      <line num="2" count="1" type="stmt"/>
      <line num="5" count="1" type="stmt"/>
      <line num="8" count="7" type="stmt"/>
      <line num="11" count="1" type="stmt"/>
      <line num="14" count="1" type="stmt"/>
      <line num="15" count="10" type="stmt"/>
      <line num="19" count="1" type="stmt"/>
      <line num="20" count="1" type="stmt"/>
      <line num="21" count="1" type="stmt"/>
      <line num="24" count="1" type="stmt"/>
      <line num="25" count="1" type="stmt"/>
      <line num="26" count="1" type="stmt"/>
      <line num="28" count="1" type="stmt"/>
      <line num="31" count="1" type="stmt"/>
      <line num="34" count="1" type="stmt"/>
      <line num="35" count="11" type="stmt"/>
      <line num="36" count="33" type="cond" truecount="4" falsecount="0"/>
      <line num="37" count="1" type="stmt"/>
      <line num="38" count="1" type="stmt"/>
      <line num="39" count="1" type="stmt"/>
      <line num="45" count="1" type="stmt"/>
      <line num="46" count="1" type="stmt"/>
      <line num="47" count="11" type="cond" truecount="3" falsecount="1"/>
      <line num="48" count="11" type="cond" truecount="3" falsecount="1"/>
      <line num="49" count="11" type="cond" truecount="3" falsecount="1"/>
      <line num="50" count="11" type="cond" truecount="3" falsecount="1"/>
      <line num="52" count="11" type="stmt"/>
      <line num="56" count="1" type="stmt"/>
      <line num="59" count="1" type="stmt"/>
      <line num="60" count="1" type="stmt"/>
      <line num="62" count="1" type="stmt"/>
      <line num="63" count="1" type="stmt"/>
      <line num="64" count="1" type="stmt"/>
    </file>
  </project>
</coverage>
