{"/home/daniel/code/danielmakarzec/hoover/index.js": {"path":"/home/daniel/code/danielmakarzec/hoover/index.js","statementMap":{"0":{"start":{"line":2,"column":11},"end":{"line":2,"column":24}},"1":{"start":{"line":5,"column":13},"end":{"line":5,"column":49}},"2":{"start":{"line":8,"column":12},"end":{"line":8,"column":55}},"3":{"start":{"line":8,"column":52},"end":{"line":8,"column":53}},"4":{"start":{"line":11,"column":20},"end":{"line":11,"column":43}},"5":{"start":{"line":14,"column":18},"end":{"line":16,"column":2}},"6":{"start":{"line":15,"column":2},"end":{"line":15,"column":65}},"7":{"start":{"line":15,"column":47},"end":{"line":15,"column":63}},"8":{"start":{"line":19,"column":19},"end":{"line":19,"column":38}},"9":{"start":{"line":20,"column":18},"end":{"line":20,"column":31}},"10":{"start":{"line":21,"column":18},"end":{"line":21,"column":31}},"11":{"start":{"line":24,"column":25},"end":{"line":24,"column":44}},"12":{"start":{"line":25,"column":22},"end":{"line":25,"column":41}},"13":{"start":{"line":26,"column":22},"end":{"line":26,"column":41}},"14":{"start":{"line":28,"column":22},"end":{"line":28,"column":33}},"15":{"start":{"line":31,"column":17},"end":{"line":31,"column":18}},"16":{"start":{"line":34,"column":18},"end":{"line":42,"column":1}},"17":{"start":{"line":35,"column":2},"end":{"line":41,"column":5}},"18":{"start":{"line":36,"column":4},"end":{"line":40,"column":5}},"19":{"start":{"line":37,"column":6},"end":{"line":37,"column":19}},"20":{"start":{"line":38,"column":6},"end":{"line":38,"column":30}},"21":{"start":{"line":39,"column":6},"end":{"line":39,"column":30}},"22":{"start":{"line":45,"column":23},"end":{"line":54,"column":1}},"23":{"start":{"line":46,"column":2},"end":{"line":53,"column":5}},"24":{"start":{"line":47,"column":4},"end":{"line":47,"column":81}},"25":{"start":{"line":47,"column":24},"end":{"line":47,"column":79}},"26":{"start":{"line":47,"column":60},"end":{"line":47,"column":78}},"27":{"start":{"line":48,"column":4},"end":{"line":48,"column":71}},"28":{"start":{"line":48,"column":24},"end":{"line":48,"column":69}},"29":{"start":{"line":48,"column":50},"end":{"line":48,"column":68}},"30":{"start":{"line":49,"column":4},"end":{"line":49,"column":81}},"31":{"start":{"line":49,"column":24},"end":{"line":49,"column":79}},"32":{"start":{"line":49,"column":60},"end":{"line":49,"column":78}},"33":{"start":{"line":50,"column":4},"end":{"line":50,"column":71}},"34":{"start":{"line":50,"column":24},"end":{"line":50,"column":69}},"35":{"start":{"line":50,"column":50},"end":{"line":50,"column":68}},"36":{"start":{"line":52,"column":4},"end":{"line":52,"column":29}},"37":{"start":{"line":56,"column":0},"end":{"line":56,"column":28}},"38":{"start":{"line":59,"column":0},"end":{"line":59,"column":81}},"39":{"start":{"line":60,"column":0},"end":{"line":60,"column":67}},"40":{"start":{"line":62,"column":0},"end":{"line":62,"column":29}},"41":{"start":{"line":63,"column":0},"end":{"line":63,"column":36}},"42":{"start":{"line":64,"column":0},"end":{"line":64,"column":63}}},"fnMap":{"0":{"name":"(anonymous_0)","decl":{"start":{"line":8,"column":47},"end":{"line":8,"column":48}},"loc":{"start":{"line":8,"column":52},"end":{"line":8,"column":53}},"line":8},"1":{"name":"(anonymous_1)","decl":{"start":{"line":14,"column":28},"end":{"line":14,"column":29}},"loc":{"start":{"line":14,"column":39},"end":{"line":16,"column":1}},"line":14},"2":{"name":"(anonymous_2)","decl":{"start":{"line":15,"column":37},"end":{"line":15,"column":38}},"loc":{"start":{"line":15,"column":47},"end":{"line":15,"column":63}},"line":15},"3":{"name":"(anonymous_3)","decl":{"start":{"line":34,"column":18},"end":{"line":34,"column":19}},"loc":{"start":{"line":34,"column":31},"end":{"line":42,"column":1}},"line":34},"4":{"name":"(anonymous_4)","decl":{"start":{"line":35,"column":20},"end":{"line":35,"column":21}},"loc":{"start":{"line":35,"column":32},"end":{"line":41,"column":3}},"line":35},"5":{"name":"(anonymous_5)","decl":{"start":{"line":45,"column":23},"end":{"line":45,"column":24}},"loc":{"start":{"line":45,"column":34},"end":{"line":54,"column":1}},"line":45},"6":{"name":"(anonymous_6)","decl":{"start":{"line":46,"column":16},"end":{"line":46,"column":17}},"loc":{"start":{"line":46,"column":24},"end":{"line":53,"column":3}},"line":46}},"branchMap":{"0":{"loc":{"start":{"line":36,"column":4},"end":{"line":40,"column":5}},"type":"if","locations":[{"start":{"line":36,"column":4},"end":{"line":40,"column":5}},{"start":{"line":36,"column":4},"end":{"line":40,"column":5}}],"line":36},"1":{"loc":{"start":{"line":36,"column":8},"end":{"line":36,"column":73}},"type":"binary-expr","locations":[{"start":{"line":36,"column":8},"end":{"line":36,"column":39}},{"start":{"line":36,"column":43},"end":{"line":36,"column":73}}],"line":36},"2":{"loc":{"start":{"line":47,"column":4},"end":{"line":47,"column":81}},"type":"if","locations":[{"start":{"line":47,"column":4},"end":{"line":47,"column":81}},{"start":{"line":47,"column":4},"end":{"line":47,"column":81}}],"line":47},"3":{"loc":{"start":{"line":47,"column":24},"end":{"line":47,"column":79}},"type":"if","locations":[{"start":{"line":47,"column":24},"end":{"line":47,"column":79}},{"start":{"line":47,"column":24},"end":{"line":47,"column":79}}],"line":47},"4":{"loc":{"start":{"line":48,"column":4},"end":{"line":48,"column":71}},"type":"if","locations":[{"start":{"line":48,"column":4},"end":{"line":48,"column":71}},{"start":{"line":48,"column":4},"end":{"line":48,"column":71}}],"line":48},"5":{"loc":{"start":{"line":48,"column":24},"end":{"line":48,"column":69}},"type":"if","locations":[{"start":{"line":48,"column":24},"end":{"line":48,"column":69}},{"start":{"line":48,"column":24},"end":{"line":48,"column":69}}],"line":48},"6":{"loc":{"start":{"line":49,"column":4},"end":{"line":49,"column":81}},"type":"if","locations":[{"start":{"line":49,"column":4},"end":{"line":49,"column":81}},{"start":{"line":49,"column":4},"end":{"line":49,"column":81}}],"line":49},"7":{"loc":{"start":{"line":49,"column":24},"end":{"line":49,"column":79}},"type":"if","locations":[{"start":{"line":49,"column":24},"end":{"line":49,"column":79}},{"start":{"line":49,"column":24},"end":{"line":49,"column":79}}],"line":49},"8":{"loc":{"start":{"line":50,"column":4},"end":{"line":50,"column":71}},"type":"if","locations":[{"start":{"line":50,"column":4},"end":{"line":50,"column":71}},{"start":{"line":50,"column":4},"end":{"line":50,"column":71}}],"line":50},"9":{"loc":{"start":{"line":50,"column":24},"end":{"line":50,"column":69}},"type":"if","locations":[{"start":{"line":50,"column":24},"end":{"line":50,"column":69}},{"start":{"line":50,"column":24},"end":{"line":50,"column":69}}],"line":50}},"s":{"0":1,"1":1,"2":1,"3":7,"4":1,"5":1,"6":5,"7":10,"8":1,"9":1,"10":1,"11":1,"12":1,"13":1,"14":1,"15":1,"16":1,"17":11,"18":33,"19":1,"20":1,"21":1,"22":1,"23":1,"24":11,"25":3,"26":3,"27":11,"28":2,"29":2,"30":11,"31":3,"32":3,"33":11,"34":3,"35":3,"36":11,"37":1,"38":1,"39":1,"40":1,"41":1,"42":1},"f":{"0":7,"1":5,"2":10,"3":11,"4":33,"5":1,"6":11},"b":{"0":[1,32],"1":[33,8],"2":[3,8],"3":[3,0],"4":[2,9],"5":[2,0],"6":[3,8],"7":[3,0],"8":[3,8],"9":[3,0]},"_coverageSchema":"43e27e138ebf9cfc5966b082cf9a028302ed4184","hash":"3d59b74cdfb48a578b30b816feaa2a5b39bce8ee"}
}
