TN:
SF:/home/daniel/code/danielmakarzec/hoover/index.js
FN:8,(anonymous_0)
FN:14,(anonymous_1)
FN:15,(anonymous_2)
FN:34,(anonymous_3)
FN:35,(anonymous_4)
FN:45,(anonymous_5)
FN:46,(anonymous_6)
FNF:7
FNH:7
FNDA:7,(anonymous_0)
FNDA:5,(anonymous_1)
FNDA:10,(anonymous_2)
FNDA:11,(anonymous_3)
FNDA:33,(anonymous_4)
FNDA:1,(anonymous_5)
FNDA:11,(anonymous_6)
DA:2,1
DA:5,1
DA:8,7
DA:11,1
DA:14,1
DA:15,10
DA:19,1
DA:20,1
DA:21,1
DA:24,1
DA:25,1
DA:26,1
DA:28,1
DA:31,1
DA:34,1
DA:35,11
DA:36,33
DA:37,1
DA:38,1
DA:39,1
DA:45,1
DA:46,1
DA:47,11
DA:48,11
DA:49,11
DA:50,11
DA:52,11
DA:56,1
DA:59,1
DA:60,1
DA:62,1
DA:63,1
DA:64,1
LF:33
LH:33
BRDA:36,0,0,1
BRDA:36,0,1,32
BRDA:36,1,0,33
BRDA:36,1,1,8
BRDA:47,2,0,3
BRDA:47,2,1,8
BRDA:47,3,0,3
BRDA:47,3,1,0
BRDA:48,4,0,2
BRDA:48,4,1,9
BRDA:48,5,0,2
BRDA:48,5,1,0
BRDA:49,6,0,3
BRDA:49,6,1,8
BRDA:49,7,0,3
BRDA:49,7,1,0
BRDA:50,8,0,3
BRDA:50,8,1,8
BRDA:50,9,0,3
BRDA:50,9,1,0
BRF:20
BRH:16
end_of_record
